<?xml version="1.0" encoding="UTF-8"?>
<testsuite xmlns:xsi="http://www.w3.org/2001/XMLSchema-instance" xsi:noNamespaceSchemaLocation="https://maven.apache.org/surefire/maven-surefire-plugin/xsd/surefire-test-report.xsd" name="com.yth.myblog.MyblogApplicationTests" time="2.367" tests="1" errors="0" skipped="0" failures="0">
  <properties>
    <property name="sun.desktop" value="windows"/>
    <property name="awt.toolkit" value="sun.awt.windows.WToolkit"/>
    <property name="file.encoding.pkg" value="sun.io"/>
    <property name="java.specification.version" value="1.8"/>
    <property name="sun.cpu.isalist" value="amd64"/>
    <property name="sun.jnu.encoding" value="GBK"/>
    <property name="java.class.path" value="E:\个人博客\技术博客\Myblog\target\test-classes;E:\个人博客\技术博客\Myblog\target\classes;E:\repository\org\springframework\boot\spring-boot-starter-web\2.7.11\spring-boot-starter-web-2.7.11.jar;E:\repository\org\springframework\boot\spring-boot-starter-json\2.7.11\spring-boot-starter-json-2.7.11.jar;E:\repository\com\fasterxml\jackson\core\jackson-databind\2.13.5\jackson-databind-2.13.5.jar;E:\repository\com\fasterxml\jackson\core\jackson-annotations\2.13.5\jackson-annotations-2.13.5.jar;E:\repository\com\fasterxml\jackson\core\jackson-core\2.13.5\jackson-core-2.13.5.jar;E:\repository\com\fasterxml\jackson\datatype\jackson-datatype-jdk8\2.13.5\jackson-datatype-jdk8-2.13.5.jar;E:\repository\com\fasterxml\jackson\datatype\jackson-datatype-jsr310\2.13.5\jackson-datatype-jsr310-2.13.5.jar;E:\repository\com\fasterxml\jackson\module\jackson-module-parameter-names\2.13.5\jackson-module-parameter-names-2.13.5.jar;E:\repository\org\springframework\boot\spring-boot-starter-tomcat\2.7.11\spring-boot-starter-tomcat-2.7.11.jar;E:\repository\org\apache\tomcat\embed\tomcat-embed-core\9.0.74\tomcat-embed-core-9.0.74.jar;E:\repository\org\apache\tomcat\embed\tomcat-embed-el\9.0.74\tomcat-embed-el-9.0.74.jar;E:\repository\org\apache\tomcat\embed\tomcat-embed-websocket\9.0.74\tomcat-embed-websocket-9.0.74.jar;E:\repository\org\springframework\spring-web\5.3.27\spring-web-5.3.27.jar;E:\repository\org\springframework\spring-beans\5.3.27\spring-beans-5.3.27.jar;E:\repository\org\springframework\spring-webmvc\5.3.27\spring-webmvc-5.3.27.jar;E:\repository\org\springframework\spring-aop\5.3.27\spring-aop-5.3.27.jar;E:\repository\org\springframework\spring-context\5.3.27\spring-context-5.3.27.jar;E:\repository\org\springframework\spring-expression\5.3.27\spring-expression-5.3.27.jar;E:\repository\org\springframework\boot\spring-boot-starter\2.7.11\spring-boot-starter-2.7.11.jar;E:\repository\org\springframework\boot\spring-boot\2.7.11\spring-boot-2.7.11.jar;E:\repository\org\springframework\boot\spring-boot-autoconfigure\2.7.11\spring-boot-autoconfigure-2.7.11.jar;E:\repository\org\springframework\boot\spring-boot-starter-logging\2.7.11\spring-boot-starter-logging-2.7.11.jar;E:\repository\ch\qos\logback\logback-classic\1.2.12\logback-classic-1.2.12.jar;E:\repository\ch\qos\logback\logback-core\1.2.12\logback-core-1.2.12.jar;E:\repository\org\apache\logging\log4j\log4j-to-slf4j\2.17.2\log4j-to-slf4j-2.17.2.jar;E:\repository\org\apache\logging\log4j\log4j-api\2.17.2\log4j-api-2.17.2.jar;E:\repository\org\slf4j\jul-to-slf4j\1.7.36\jul-to-slf4j-1.7.36.jar;E:\repository\jakarta\annotation\jakarta.annotation-api\1.3.5\jakarta.annotation-api-1.3.5.jar;E:\repository\org\springframework\spring-core\5.3.27\spring-core-5.3.27.jar;E:\repository\org\springframework\spring-jcl\5.3.27\spring-jcl-5.3.27.jar;E:\repository\org\yaml\snakeyaml\1.30\snakeyaml-1.30.jar;E:\repository\org\springframework\boot\spring-boot-starter-test\2.7.11\spring-boot-starter-test-2.7.11.jar;E:\repository\org\springframework\boot\spring-boot-test\2.7.11\spring-boot-test-2.7.11.jar;E:\repository\org\springframework\boot\spring-boot-test-autoconfigure\2.7.11\spring-boot-test-autoconfigure-2.7.11.jar;E:\repository\com\jayway\jsonpath\json-path\2.7.0\json-path-2.7.0.jar;E:\repository\net\minidev\json-smart\2.4.10\json-smart-2.4.10.jar;E:\repository\net\minidev\accessors-smart\2.4.9\accessors-smart-2.4.9.jar;E:\repository\org\ow2\asm\asm\9.3\asm-9.3.jar;E:\repository\jakarta\xml\bind\jakarta.xml.bind-api\2.3.3\jakarta.xml.bind-api-2.3.3.jar;E:\repository\jakarta\activation\jakarta.activation-api\1.2.2\jakarta.activation-api-1.2.2.jar;E:\repository\org\assertj\assertj-core\3.22.0\assertj-core-3.22.0.jar;E:\repository\org\hamcrest\hamcrest\2.2\hamcrest-2.2.jar;E:\repository\org\junit\jupiter\junit-jupiter\5.8.2\junit-jupiter-5.8.2.jar;E:\repository\org\junit\jupiter\junit-jupiter-api\5.8.2\junit-jupiter-api-5.8.2.jar;E:\repository\org\opentest4j\opentest4j\1.2.0\opentest4j-1.2.0.jar;E:\repository\org\junit\platform\junit-platform-commons\1.8.2\junit-platform-commons-1.8.2.jar;E:\repository\org\apiguardian\apiguardian-api\1.1.2\apiguardian-api-1.1.2.jar;E:\repository\org\junit\jupiter\junit-jupiter-params\5.8.2\junit-jupiter-params-5.8.2.jar;E:\repository\org\junit\jupiter\junit-jupiter-engine\5.8.2\junit-jupiter-engine-5.8.2.jar;E:\repository\org\junit\platform\junit-platform-engine\1.8.2\junit-platform-engine-1.8.2.jar;E:\repository\org\mockito\mockito-core\4.5.1\mockito-core-4.5.1.jar;E:\repository\net\bytebuddy\byte-buddy\1.12.23\byte-buddy-1.12.23.jar;E:\repository\net\bytebuddy\byte-buddy-agent\1.12.23\byte-buddy-agent-1.12.23.jar;E:\repository\org\objenesis\objenesis\3.2\objenesis-3.2.jar;E:\repository\org\mockito\mockito-junit-jupiter\4.5.1\mockito-junit-jupiter-4.5.1.jar;E:\repository\org\skyscreamer\jsonassert\1.5.1\jsonassert-1.5.1.jar;E:\repository\com\vaadin\external\google\android-json\0.0.20131108.vaadin1\android-json-0.0.20131108.vaadin1.jar;E:\repository\org\springframework\spring-test\5.3.27\spring-test-5.3.27.jar;E:\repository\org\xmlunit\xmlunit-core\2.9.1\xmlunit-core-2.9.1.jar;E:\repository\org\thymeleaf\thymeleaf-spring5\3.0.15.RELEASE\thymeleaf-spring5-3.0.15.RELEASE.jar;E:\repository\org\thymeleaf\thymeleaf\3.0.15.RELEASE\thymeleaf-3.0.15.RELEASE.jar;E:\repository\org\attoparser\attoparser\2.0.5.RELEASE\attoparser-2.0.5.RELEASE.jar;E:\repository\org\unbescape\unbescape\1.1.6.RELEASE\unbescape-1.1.6.RELEASE.jar;E:\repository\org\slf4j\slf4j-api\1.7.36\slf4j-api-1.7.36.jar;E:\repository\org\thymeleaf\extras\thymeleaf-extras-java8time\3.0.4.RELEASE\thymeleaf-extras-java8time-3.0.4.RELEASE.jar;E:\repository\org\projectlombok\lombok\1.18.26\lombok-1.18.26.jar;"/>
    <property name="java.vm.vendor" value="Oracle Corporation"/>
    <property name="sun.arch.data.model" value="64"/>
    <property name="user.variant" value=""/>
    <property name="java.vendor.url" value="http://java.oracle.com/"/>
    <property name="user.timezone" value="Asia/Shanghai"/>
    <property name="java.vm.specification.version" value="1.8"/>
    <property name="os.name" value="Windows 10"/>
    <property name="user.country" value="CN"/>
    <property name="sun.java.launcher" value="SUN_STANDARD"/>
    <property name="sun.boot.library.path" value="C:\Program Files\Java\jdk1.8.0_241\jre\bin"/>
    <property name="sun.java.command" value="C:\Users\dell\AppData\Local\Temp\surefire7482910906245791529\surefirebooter3912109976570535152.jar C:\Users\dell\AppData\Local\Temp\surefire7482910906245791529 2023-04-25T14-26-37_584-jvmRun1 surefire6879321516273568573tmp surefire_03165197263448657775tmp"/>
    <property name="surefire.test.class.path" value="E:\个人博客\技术博客\Myblog\target\test-classes;E:\个人博客\技术博客\Myblog\target\classes;E:\repository\org\springframework\boot\spring-boot-starter-web\2.7.11\spring-boot-starter-web-2.7.11.jar;E:\repository\org\springframework\boot\spring-boot-starter-json\2.7.11\spring-boot-starter-json-2.7.11.jar;E:\repository\com\fasterxml\jackson\core\jackson-databind\2.13.5\jackson-databind-2.13.5.jar;E:\repository\com\fasterxml\jackson\core\jackson-annotations\2.13.5\jackson-annotations-2.13.5.jar;E:\repository\com\fasterxml\jackson\core\jackson-core\2.13.5\jackson-core-2.13.5.jar;E:\repository\com\fasterxml\jackson\datatype\jackson-datatype-jdk8\2.13.5\jackson-datatype-jdk8-2.13.5.jar;E:\repository\com\fasterxml\jackson\datatype\jackson-datatype-jsr310\2.13.5\jackson-datatype-jsr310-2.13.5.jar;E:\repository\com\fasterxml\jackson\module\jackson-module-parameter-names\2.13.5\jackson-module-parameter-names-2.13.5.jar;E:\repository\org\springframework\boot\spring-boot-starter-tomcat\2.7.11\spring-boot-starter-tomcat-2.7.11.jar;E:\repository\org\apache\tomcat\embed\tomcat-embed-core\9.0.74\tomcat-embed-core-9.0.74.jar;E:\repository\org\apache\tomcat\embed\tomcat-embed-el\9.0.74\tomcat-embed-el-9.0.74.jar;E:\repository\org\apache\tomcat\embed\tomcat-embed-websocket\9.0.74\tomcat-embed-websocket-9.0.74.jar;E:\repository\org\springframework\spring-web\5.3.27\spring-web-5.3.27.jar;E:\repository\org\springframework\spring-beans\5.3.27\spring-beans-5.3.27.jar;E:\repository\org\springframework\spring-webmvc\5.3.27\spring-webmvc-5.3.27.jar;E:\repository\org\springframework\spring-aop\5.3.27\spring-aop-5.3.27.jar;E:\repository\org\springframework\spring-context\5.3.27\spring-context-5.3.27.jar;E:\repository\org\springframework\spring-expression\5.3.27\spring-expression-5.3.27.jar;E:\repository\org\springframework\boot\spring-boot-starter\2.7.11\spring-boot-starter-2.7.11.jar;E:\repository\org\springframework\boot\spring-boot\2.7.11\spring-boot-2.7.11.jar;E:\repository\org\springframework\boot\spring-boot-autoconfigure\2.7.11\spring-boot-autoconfigure-2.7.11.jar;E:\repository\org\springframework\boot\spring-boot-starter-logging\2.7.11\spring-boot-starter-logging-2.7.11.jar;E:\repository\ch\qos\logback\logback-classic\1.2.12\logback-classic-1.2.12.jar;E:\repository\ch\qos\logback\logback-core\1.2.12\logback-core-1.2.12.jar;E:\repository\org\apache\logging\log4j\log4j-to-slf4j\2.17.2\log4j-to-slf4j-2.17.2.jar;E:\repository\org\apache\logging\log4j\log4j-api\2.17.2\log4j-api-2.17.2.jar;E:\repository\org\slf4j\jul-to-slf4j\1.7.36\jul-to-slf4j-1.7.36.jar;E:\repository\jakarta\annotation\jakarta.annotation-api\1.3.5\jakarta.annotation-api-1.3.5.jar;E:\repository\org\springframework\spring-core\5.3.27\spring-core-5.3.27.jar;E:\repository\org\springframework\spring-jcl\5.3.27\spring-jcl-5.3.27.jar;E:\repository\org\yaml\snakeyaml\1.30\snakeyaml-1.30.jar;E:\repository\org\springframework\boot\spring-boot-starter-test\2.7.11\spring-boot-starter-test-2.7.11.jar;E:\repository\org\springframework\boot\spring-boot-test\2.7.11\spring-boot-test-2.7.11.jar;E:\repository\org\springframework\boot\spring-boot-test-autoconfigure\2.7.11\spring-boot-test-autoconfigure-2.7.11.jar;E:\repository\com\jayway\jsonpath\json-path\2.7.0\json-path-2.7.0.jar;E:\repository\net\minidev\json-smart\2.4.10\json-smart-2.4.10.jar;E:\repository\net\minidev\accessors-smart\2.4.9\accessors-smart-2.4.9.jar;E:\repository\org\ow2\asm\asm\9.3\asm-9.3.jar;E:\repository\jakarta\xml\bind\jakarta.xml.bind-api\2.3.3\jakarta.xml.bind-api-2.3.3.jar;E:\repository\jakarta\activation\jakarta.activation-api\1.2.2\jakarta.activation-api-1.2.2.jar;E:\repository\org\assertj\assertj-core\3.22.0\assertj-core-3.22.0.jar;E:\repository\org\hamcrest\hamcrest\2.2\hamcrest-2.2.jar;E:\repository\org\junit\jupiter\junit-jupiter\5.8.2\junit-jupiter-5.8.2.jar;E:\repository\org\junit\jupiter\junit-jupiter-api\5.8.2\junit-jupiter-api-5.8.2.jar;E:\repository\org\opentest4j\opentest4j\1.2.0\opentest4j-1.2.0.jar;E:\repository\org\junit\platform\junit-platform-commons\1.8.2\junit-platform-commons-1.8.2.jar;E:\repository\org\apiguardian\apiguardian-api\1.1.2\apiguardian-api-1.1.2.jar;E:\repository\org\junit\jupiter\junit-jupiter-params\5.8.2\junit-jupiter-params-5.8.2.jar;E:\repository\org\junit\jupiter\junit-jupiter-engine\5.8.2\junit-jupiter-engine-5.8.2.jar;E:\repository\org\junit\platform\junit-platform-engine\1.8.2\junit-platform-engine-1.8.2.jar;E:\repository\org\mockito\mockito-core\4.5.1\mockito-core-4.5.1.jar;E:\repository\net\bytebuddy\byte-buddy\1.12.23\byte-buddy-1.12.23.jar;E:\repository\net\bytebuddy\byte-buddy-agent\1.12.23\byte-buddy-agent-1.12.23.jar;E:\repository\org\objenesis\objenesis\3.2\objenesis-3.2.jar;E:\repository\org\mockito\mockito-junit-jupiter\4.5.1\mockito-junit-jupiter-4.5.1.jar;E:\repository\org\skyscreamer\jsonassert\1.5.1\jsonassert-1.5.1.jar;E:\repository\com\vaadin\external\google\android-json\0.0.20131108.vaadin1\android-json-0.0.20131108.vaadin1.jar;E:\repository\org\springframework\spring-test\5.3.27\spring-test-5.3.27.jar;E:\repository\org\xmlunit\xmlunit-core\2.9.1\xmlunit-core-2.9.1.jar;E:\repository\org\thymeleaf\thymeleaf-spring5\3.0.15.RELEASE\thymeleaf-spring5-3.0.15.RELEASE.jar;E:\repository\org\thymeleaf\thymeleaf\3.0.15.RELEASE\thymeleaf-3.0.15.RELEASE.jar;E:\repository\org\attoparser\attoparser\2.0.5.RELEASE\attoparser-2.0.5.RELEASE.jar;E:\repository\org\unbescape\unbescape\1.1.6.RELEASE\unbescape-1.1.6.RELEASE.jar;E:\repository\org\slf4j\slf4j-api\1.7.36\slf4j-api-1.7.36.jar;E:\repository\org\thymeleaf\extras\thymeleaf-extras-java8time\3.0.4.RELEASE\thymeleaf-extras-java8time-3.0.4.RELEASE.jar;E:\repository\org\projectlombok\lombok\1.18.26\lombok-1.18.26.jar;"/>
    <property name="sun.cpu.endian" value="little"/>
    <property name="user.home" value="C:\Users\dell"/>
    <property name="user.language" value="zh"/>
    <property name="java.specification.vendor" value="Oracle Corporation"/>
    <property name="java.home" value="C:\Program Files\Java\jdk1.8.0_241\jre"/>
    <property name="basedir" value="E:\个人博客\技术博客\Myblog"/>
    <property name="file.separator" value="\"/>
    <property name="line.separator" value="&#10;"/>
    <property name="java.vm.specification.vendor" value="Oracle Corporation"/>
    <property name="java.specification.name" value="Java Platform API Specification"/>
    <property name="java.awt.graphicsenv" value="sun.awt.Win32GraphicsEnvironment"/>
    <property name="surefire.real.class.path" value="C:\Users\dell\AppData\Local\Temp\surefire7482910906245791529\surefirebooter3912109976570535152.jar"/>
    <property name="sun.boot.class.path" value="C:\Program Files\Java\jdk1.8.0_241\jre\lib\resources.jar;C:\Program Files\Java\jdk1.8.0_241\jre\lib\rt.jar;C:\Program Files\Java\jdk1.8.0_241\jre\lib\sunrsasign.jar;C:\Program Files\Java\jdk1.8.0_241\jre\lib\jsse.jar;C:\Program Files\Java\jdk1.8.0_241\jre\lib\jce.jar;C:\Program Files\Java\jdk1.8.0_241\jre\lib\charsets.jar;C:\Program Files\Java\jdk1.8.0_241\jre\lib\jfr.jar;C:\Program Files\Java\jdk1.8.0_241\jre\classes"/>
    <property name="user.script" value=""/>
    <property name="sun.management.compiler" value="HotSpot 64-Bit Tiered Compilers"/>
    <property name="java.runtime.version" value="1.8.0_241-b07"/>
    <property name="user.name" value="dell"/>
    <property name="path.separator" value=";"/>
    <property name="os.version" value="10.0"/>
    <property name="java.endorsed.dirs" value="C:\Program Files\Java\jdk1.8.0_241\jre\lib\endorsed"/>
    <property name="java.runtime.name" value="Java(TM) SE Runtime Environment"/>
    <property name="file.encoding" value="GBK"/>
    <property name="java.vm.name" value="Java HotSpot(TM) 64-Bit Server VM"/>
    <property name="localRepository" value="E:\repository"/>
    <property name="java.vendor.url.bug" value="http://bugreport.sun.com/bugreport/"/>
    <property name="java.io.tmpdir" value="C:\Users\dell\AppData\Local\Temp\"/>
    <property name="idea.version" value="2022.2.3"/>
    <property name="java.version" value="1.8.0_241"/>
    <property name="user.dir" value="E:\个人博客\技术博客\Myblog"/>
    <property name="os.arch" value="amd64"/>
    <property name="java.vm.specification.name" value="Java Virtual Machine Specification"/>
    <property name="java.awt.printerjob" value="sun.awt.windows.WPrinterJob"/>
    <property name="sun.os.patch.level" value=""/>
    <property name="java.library.path" value="C:\Program Files\Java\jdk1.8.0_241\jre\bin;C:\WINDOWS\Sun\Java\bin;C:\WINDOWS\system32;C:\WINDOWS;C:\Program Files (x86)\Common Files\Oracle\Java\javapath;C:\ProgramData\Oracle\Java\javapath;C:\Windows\system32;C:\Windows;C:\Windows\System32\Wbem;C:\Windows\System32\WindowsPowerShell\v1.0\;C:\Windows\System32\OpenSSH\;C:\Program Files\NVIDIA Corporation\NVIDIA NvDLISR;C:\Program Files (x86)\NVIDIA Corporation\PhysX\Common;E:\SQL的安装\目录X86\100\Tools\Binn\;E:\S;L的安装\目录\100\Tools\Binn\;L的安装\目录\100\DTS\Binn\;L的安装\目录X86\100\Tools\Binn\VSShell\Common7\IDE\;L的安装\目录X86\100\DTS\Binn\;C:\P;ogram Files (x86)\Microsoft Visual Studio 9.0\Common7\IDE\PrivateAssemblies\;C:\Program Files\Microsoft SQL Server\Client SDK\ODBC\170\Tools\Binn\;C:\Program Files (x86)\Microsoft SQL Server\150\Tools\Binn\;C:\Program Files\Microsoft SQL Server\150\Tools\Binn\;C:\Program Files\Microsoft SQL Server\150\DTS\Binn\;C:\Program Files (x86)\Microsoft SQL Server\150\DTS\Binn\;C:\Program Files\Azure Data Studio\bin;C:\WINDOWS\system32;C:\WINDOWS;C:\WINDOWS\System32\Wbem;C:\WINDOWS\System32\WindowsPowerShell\v1.0\;C:\WINDOWS\System32\OpenSSH\;%MAVEN-HOME%\bin;D:\Git\Git\cmd;D:\minGW\mingw64\bin;C:\Program Files\dotnet\;C:\Windows\Microsoft.NET\Framework64\v4.0.30319;C:\Program Files\Microsoft SQL Server\130\Tools\Binn\;E:\node.js\;E:\Maven\apache-maven-3.8.7\bin;C:\Program Files\MySQL\MySQL Server 8.0\bin;E:\Xshell\;D:\Python\Scripts\;D:\Python\;C:\Users\dell\AppData\Local\Microsoft\WindowsApps;D:\VS code\Microsoft VS Code\bin;C:\Program Files\Azure Data Studio\bin;C:\Users\dell\AppData\Roaming\npm;E:\Maven\apache-maven-3.8.7\bin;E:\Tomcat\apache-tomcat-9.0.73-windows-x64\apache-tomcat-9.0.73\bin;;."/>
    <property name="java.vm.info" value="mixed mode"/>
    <property name="java.vendor" value="Oracle Corporation"/>
    <property name="java.vm.version" value="25.241-b07"/>
    <property name="java.ext.dirs" value="C:\Program Files\Java\jdk1.8.0_241\jre\lib\ext;C:\WINDOWS\Sun\Java\lib\ext"/>
    <property name="sun.io.unicode.encoding" value="UnicodeLittle"/>
    <property name="maven.repo.local" value="E:\repository"/>
    <property name="java.class.version" value="52.0"/>
  </properties>
  <testcase name="contextLoads" classname="com.yth.myblog.MyblogApplicationTests" time="0.238"/>
</testsuite>